Using pre-set license
Built from '2020.3/staging' branch; Version is '2020.3.10f1 (297d780c91bc) revision 2719096'; Using compiler version '192528614'; Build Type 'Release'
OS: 'Windows 10 Home Single Language; OS build 19042.985; Version 2009; 64bit' Language: 'pt' Physical Memory: 8068 MB
BatchMode: 1, IsHumanControllingUs: 0, StartBugReporterOnCrash: 0, Is64bit: 1, IsPro: 0

 COMMAND LINE ARGUMENTS:
C:\Program Files\Unity\Hub\Editor\2020.3.10f1\Editor\Unity.exe
-adb2
-batchMode
-noUpm
-name
AssetImportWorker0
-projectPath
C:/Users/migue/Documents/Unity/Pyramid Maze/Pyramid Maze
-logFile
Logs/AssetImportWorker0.log
-srvPort
64955
Successfully changed project path to: C:/Users/migue/Documents/Unity/Pyramid Maze/Pyramid Maze
C:/Users/migue/Documents/Unity/Pyramid Maze/Pyramid Maze
Using Asset Import Pipeline V2.
Refreshing native plugins compatible for Editor in 24.93 ms, found 2 plugins.
Preloading 0 native plugins for Editor in 0.00 ms.
Initialize engine version: 2020.3.10f1 (297d780c91bc)
[Subsystems] Discovering subsystems at path C:/Program Files/Unity/Hub/Editor/2020.3.10f1/Editor/Data/Resources/UnitySubsystems
[Subsystems] Discovering subsystems at path C:/Users/migue/Documents/Unity/Pyramid Maze/Pyramid Maze/Assets
GfxDevice: creating device client; threaded=0
Direct3D:
    Version:  Direct3D 11.0 [level 11.1]
    Renderer: Radeon (TM) 520 (ID=0x6665)
    Vendor:   
    VRAM:     2039 MB
    Driver:   26.20.15026.1
Initialize mono
Mono path[0] = 'C:/Program Files/Unity/Hub/Editor/2020.3.10f1/Editor/Data/Managed'
Mono path[1] = 'C:/Program Files/Unity/Hub/Editor/2020.3.10f1/Editor/Data/MonoBleedingEdge/lib/mono/unityjit'
Mono config path = 'C:/Program Files/Unity/Hub/Editor/2020.3.10f1/Editor/Data/MonoBleedingEdge/etc'
Using monoOptions --debugger-agent=transport=dt_socket,embedding=1,server=y,suspend=n,address=127.0.0.1:56088
Begin MonoManager ReloadAssembly
Registering precompiled unity dll's ...
Register platform support module: C:/Program Files/Unity/Hub/Editor/2020.3.10f1/Editor/Data/PlaybackEngines/WebGLSupport/UnityEditor.WebGL.Extensions.dll
Register platform support module: C:/Program Files/Unity/Hub/Editor/2020.3.10f1/Editor/Data/PlaybackEngines/WindowsStandaloneSupport/UnityEditor.WindowsStandalone.Extensions.dll
Registered in 0.002350 seconds.
Native extension for WindowsStandalone target not found
Native extension for WebGL target not found
Refreshing native plugins compatible for Editor in 23.96 ms, found 2 plugins.
Preloading 0 native plugins for Editor in 0.00 ms.
Mono: successfully reloaded assembly
- Completed reload, in  1.073 seconds
Platform modules already initialized, skipping
Registering precompiled user dll's ...
Registered in 0.003338 seconds.
Begin MonoManager ReloadAssembly
Native extension for WindowsStandalone target not found
Native extension for WebGL target not found
Refreshing native plugins compatible for Editor in 0.30 ms, found 2 plugins.
Preloading 0 native plugins for Editor in 0.00 ms.
Mono: successfully reloaded assembly
- Completed reload, in  1.026 seconds
Platform modules already initialized, skipping
========================================================================
Worker process is ready to serve import requests
Launched and connected shader compiler UnityShaderCompiler.exe after 0.31 seconds
Refreshing native plugins compatible for Editor in 0.45 ms, found 2 plugins.
Preloading 0 native plugins for Editor in 0.00 ms.
Unloading 1387 Unused Serialized files (Serialized files now loaded: 0)
System memory in use before: 64.7 MB.
System memory in use after: 64.8 MB.

Unloading 19 unused Assets to reduce memory usage. Loaded Objects now: 1820.
Total: 2.218500 ms (FindLiveObjects: 0.203200 ms CreateObjectMapping: 0.062800 ms MarkObjects: 1.870000 ms  DeleteObjects: 0.080300 ms)

========================================================================
Received Import Request.
  path: Assets/Simple Wall.fbx
  artifactKey: Guid(5c6ea8ce3c67bb941ab20ecb0887473f) Importer(815301076,1909f56bfc062723c751e8b465ee728b)
Start importing Assets/Simple Wall.fbx using Guid(5c6ea8ce3c67bb941ab20ecb0887473f) Importer(815301076,1909f56bfc062723c751e8b465ee728b)  -> (artifact id: '57aa00c9ae87d70fa45c381d639cc514') in 1.342456 seconds
  Import took 1.380587 seconds .

========================================================================
Received Import Request.
  Time since last request: 0.017799 seconds.
  path: Assets/Simple Wall.fbx
  artifactKey: Guid(5c6ea8ce3c67bb941ab20ecb0887473f) Importer(815301076,1909f56bfc062723c751e8b465ee728b)
Start importing Assets/Simple Wall.fbx using Guid(5c6ea8ce3c67bb941ab20ecb0887473f) Importer(815301076,1909f56bfc062723c751e8b465ee728b)  -> (artifact id: '57aa00c9ae87d70fa45c381d639cc514') in 0.018866 seconds
  Import took 0.028275 seconds .

========================================================================
Received Import Request.
  Time since last request: 156.014405 seconds.
  path: Assets/Simple Wall.fbx
  artifactKey: Guid(5c6ea8ce3c67bb941ab20ecb0887473f) Importer(815301076,1909f56bfc062723c751e8b465ee728b)
Start importing Assets/Simple Wall.fbx using Guid(5c6ea8ce3c67bb941ab20ecb0887473f) Importer(815301076,1909f56bfc062723c751e8b465ee728b)  -> (artifact id: 'a6d5ff12504298063678f7a91a9e1e75') in 0.023302 seconds
  Import took 0.058729 seconds .

========================================================================
Received Import Request.
  Time since last request: 26.176472 seconds.
  path: Assets/Blender Models
  artifactKey: Guid(85483feb189c8fb4198bd7174baf522c) Importer(815301076,1909f56bfc062723c751e8b465ee728b)
Start importing Assets/Blender Models using Guid(85483feb189c8fb4198bd7174baf522c) Importer(815301076,1909f56bfc062723c751e8b465ee728b)  -> (artifact id: '80b549332badad55cdf333d7f58de200') in 0.004185 seconds
  Import took 0.052968 seconds .

========================================================================
Received Import Request.
  Time since last request: 47.734276 seconds.
  path: Assets/Blender Models/Simple Wall.fbx
  artifactKey: Guid(5c6ea8ce3c67bb941ab20ecb0887473f) Importer(815301076,1909f56bfc062723c751e8b465ee728b)
Start importing Assets/Blender Models/Simple Wall.fbx using Guid(5c6ea8ce3c67bb941ab20ecb0887473f) Importer(815301076,1909f56bfc062723c751e8b465ee728b)  -> (artifact id: 'da9a468edca683720815fab662e11ed7') in 0.039671 seconds
  Import took 0.052497 seconds .

========================================================================
Received Import Request.
  Time since last request: 91.242370 seconds.
  path: Assets/Materials/New Material.mat
  artifactKey: Guid(29c929d7ba858114cb26b3e82aa072cb) Importer(815301076,1909f56bfc062723c751e8b465ee728b)
Start importing Assets/Materials/New Material.mat using Guid(29c929d7ba858114cb26b3e82aa072cb) Importer(815301076,1909f56bfc062723c751e8b465ee728b)  -> (artifact id: '13bbd334fbe12b766357fd74284efd85') in 0.417090 seconds
  Import took 0.442231 seconds .

========================================================================
Received Prepare
Registering precompiled user dll's ...
Registered in 0.003104 seconds.
Begin MonoManager ReloadAssembly
Native extension for WindowsStandalone target not found
Native extension for WebGL target not found
Refreshing native plugins compatible for Editor in 0.30 ms, found 2 plugins.
Preloading 0 native plugins for Editor in 0.00 ms.
Mono: successfully reloaded assembly
- Completed reload, in  0.979 seconds
Platform modules already initialized, skipping
Refreshing native plugins compatible for Editor in 0.39 ms, found 2 plugins.
Preloading 0 native plugins for Editor in 0.00 ms.
Unloading 1382 Unused Serialized files (Serialized files now loaded: 0)
System memory in use before: 68.1 MB.
System memory in use after: 68.2 MB.

Unloading 14 unused Assets to reduce memory usage. Loaded Objects now: 1866.
Total: 2.115200 ms (FindLiveObjects: 0.205400 ms CreateObjectMapping: 0.063600 ms MarkObjects: 1.785600 ms  DeleteObjects: 0.059200 ms)

========================================================================
Received Prepare
Registering precompiled user dll's ...
Registered in 0.004064 seconds.
Begin MonoManager ReloadAssembly
Native extension for WindowsStandalone target not found
Native extension for WebGL target not found
Refreshing native plugins compatible for Editor in 0.28 ms, found 2 plugins.
Preloading 0 native plugins for Editor in 0.00 ms.
Mono: successfully reloaded assembly
- Completed reload, in  0.964 seconds
Platform modules already initialized, skipping
Refreshing native plugins compatible for Editor in 0.28 ms, found 2 plugins.
Preloading 0 native plugins for Editor in 0.00 ms.
Unloading 1382 Unused Serialized files (Serialized files now loaded: 0)
System memory in use before: 68.1 MB.
System memory in use after: 68.2 MB.

Unloading 14 unused Assets to reduce memory usage. Loaded Objects now: 1869.
Total: 2.028200 ms (FindLiveObjects: 0.151000 ms CreateObjectMapping: 0.047200 ms MarkObjects: 1.774300 ms  DeleteObjects: 0.054600 ms)

========================================================================
Received Import Request.
  Time since last request: 754.481984 seconds.
  path: Assets/Scripts/PlayerMoviment.cs
  artifactKey: Guid(838b39dfbed5c5a45a7bb5d5c63e3fe8) Importer(815301076,1909f56bfc062723c751e8b465ee728b)
Start importing Assets/Scripts/PlayerMoviment.cs using Guid(838b39dfbed5c5a45a7bb5d5c63e3fe8) Importer(815301076,1909f56bfc062723c751e8b465ee728b)  -> (artifact id: '6f7a7c7ed138ce586f321796b91495df') in 0.028040 seconds
  Import took 0.141578 seconds .

========================================================================
Received Prepare
Registering precompiled user dll's ...
Registered in 0.003536 seconds.
Begin MonoManager ReloadAssembly
Native extension for WindowsStandalone target not found
Native extension for WebGL target not found
Refreshing native plugins compatible for Editor in 0.93 ms, found 2 plugins.
Preloading 0 native plugins for Editor in 0.00 ms.
Mono: successfully reloaded assembly
- Completed reload, in  0.907 seconds
Platform modules already initialized, skipping
Refreshing native plugins compatible for Editor in 0.49 ms, found 2 plugins.
Preloading 0 native plugins for Editor in 0.00 ms.
Unloading 1382 Unused Serialized files (Serialized files now loaded: 0)
System memory in use before: 68.1 MB.
System memory in use after: 68.2 MB.

Unloading 14 unused Assets to reduce memory usage. Loaded Objects now: 1872.
Total: 2.630800 ms (FindLiveObjects: 0.161100 ms CreateObjectMapping: 0.049300 ms MarkObjects: 2.313400 ms  DeleteObjects: 0.105700 ms)

========================================================================
Received Prepare
Registering precompiled user dll's ...
Registered in 0.003073 seconds.
Begin MonoManager ReloadAssembly
Native extension for WindowsStandalone target not found
Native extension for WebGL target not found
Refreshing native plugins compatible for Editor in 0.37 ms, found 2 plugins.
Preloading 0 native plugins for Editor in 0.00 ms.
Mono: successfully reloaded assembly
- Completed reload, in  0.999 seconds
Platform modules already initialized, skipping
Refreshing native plugins compatible for Editor in 0.28 ms, found 2 plugins.
Preloading 0 native plugins for Editor in 0.00 ms.
Unloading 1382 Unused Serialized files (Serialized files now loaded: 0)
System memory in use before: 68.2 MB.
System memory in use after: 68.3 MB.

Unloading 14 unused Assets to reduce memory usage. Loaded Objects now: 1875.
Total: 1.734100 ms (FindLiveObjects: 0.168900 ms CreateObjectMapping: 0.047200 ms MarkObjects: 1.469000 ms  DeleteObjects: 0.047900 ms)

========================================================================
Received Prepare
Registering precompiled user dll's ...
Registered in 0.003076 seconds.
Begin MonoManager ReloadAssembly
Native extension for WindowsStandalone target not found
Native extension for WebGL target not found
Refreshing native plugins compatible for Editor in 0.30 ms, found 2 plugins.
Preloading 0 native plugins for Editor in 0.00 ms.
Mono: successfully reloaded assembly
- Completed reload, in  0.981 seconds
Platform modules already initialized, skipping
Refreshing native plugins compatible for Editor in 0.34 ms, found 2 plugins.
Preloading 0 native plugins for Editor in 0.00 ms.
Unloading 1382 Unused Serialized files (Serialized files now loaded: 0)
System memory in use before: 68.2 MB.
System memory in use after: 68.3 MB.

Unloading 14 unused Assets to reduce memory usage. Loaded Objects now: 1878.
Total: 1.684600 ms (FindLiveObjects: 0.153000 ms CreateObjectMapping: 0.047000 ms MarkObjects: 1.436300 ms  DeleteObjects: 0.047200 ms)

========================================================================
Received Prepare
Registering precompiled user dll's ...
Registered in 0.002912 seconds.
Begin MonoManager ReloadAssembly
Native extension for WindowsStandalone target not found
Native extension for WebGL target not found
Refreshing native plugins compatible for Editor in 0.28 ms, found 2 plugins.
Preloading 0 native plugins for Editor in 0.00 ms.
Mono: successfully reloaded assembly
- Completed reload, in  0.953 seconds
Platform modules already initialized, skipping
Refreshing native plugins compatible for Editor in 0.27 ms, found 2 plugins.
Preloading 0 native plugins for Editor in 0.00 ms.
Unloading 1383 Unused Serialized files (Serialized files now loaded: 0)
System memory in use before: 68.2 MB.
System memory in use after: 68.3 MB.

Unloading 14 unused Assets to reduce memory usage. Loaded Objects now: 1882.
Total: 1.737600 ms (FindLiveObjects: 0.181400 ms CreateObjectMapping: 0.050700 ms MarkObjects: 1.456400 ms  DeleteObjects: 0.047500 ms)

========================================================================
Received Import Request.
  Time since last request: 151.576999 seconds.
  path: Assets/andar.cs
  artifactKey: Guid(f087ae32e30479246b156ef3d82099b9) Importer(815301076,1909f56bfc062723c751e8b465ee728b)
Start importing Assets/andar.cs using Guid(f087ae32e30479246b156ef3d82099b9) Importer(815301076,1909f56bfc062723c751e8b465ee728b)  -> (artifact id: '3959d622614b138b56a48fd0a86049d2') in 0.005704 seconds
  Import took 0.081962 seconds .

========================================================================
Received Prepare
Registering precompiled user dll's ...
Registered in 0.003317 seconds.
Begin MonoManager ReloadAssembly
Native extension for WindowsStandalone target not found
Native extension for WebGL target not found
Refreshing native plugins compatible for Editor in 0.49 ms, found 2 plugins.
Preloading 0 native plugins for Editor in 0.00 ms.
Mono: successfully reloaded assembly
- Completed reload, in  1.371 seconds
Platform modules already initialized, skipping
Refreshing native plugins compatible for Editor in 0.53 ms, found 2 plugins.
Preloading 0 native plugins for Editor in 0.00 ms.
Unloading 1383 Unused Serialized files (Serialized files now loaded: 0)
System memory in use before: 68.2 MB.
System memory in use after: 68.3 MB.

Unloading 14 unused Assets to reduce memory usage. Loaded Objects now: 1885.
Total: 1.787800 ms (FindLiveObjects: 0.165700 ms CreateObjectMapping: 0.050700 ms MarkObjects: 1.523000 ms  DeleteObjects: 0.047200 ms)

========================================================================
Received Prepare
Registering precompiled user dll's ...
Registered in 0.004247 seconds.
Begin MonoManager ReloadAssembly
Native extension for WindowsStandalone target not found
Native extension for WebGL target not found
Refreshing native plugins compatible for Editor in 0.28 ms, found 2 plugins.
Preloading 0 native plugins for Editor in 0.00 ms.
Mono: successfully reloaded assembly
- Completed reload, in  1.015 seconds
Platform modules already initialized, skipping
Refreshing native plugins compatible for Editor in 0.28 ms, found 2 plugins.
Preloading 0 native plugins for Editor in 0.00 ms.
Unloading 1383 Unused Serialized files (Serialized files now loaded: 0)
System memory in use before: 68.2 MB.
System memory in use after: 68.3 MB.

Unloading 14 unused Assets to reduce memory usage. Loaded Objects now: 1888.
Total: 2.411500 ms (FindLiveObjects: 0.393200 ms CreateObjectMapping: 0.138100 ms MarkObjects: 1.826700 ms  DeleteObjects: 0.051900 ms)

========================================================================
Received Import Request.
  Time since last request: 34.071192 seconds.
  path: Assets/Scripts/andar.cs
  artifactKey: Guid(f087ae32e30479246b156ef3d82099b9) Importer(815301076,1909f56bfc062723c751e8b465ee728b)
Start importing Assets/Scripts/andar.cs using Guid(f087ae32e30479246b156ef3d82099b9) Importer(815301076,1909f56bfc062723c751e8b465ee728b)  -> (artifact id: '580ea20ea7debc5838db16d2df645227') in 0.004569 seconds
  Import took 0.006709 seconds .

========================================================================
Received Prepare
Registering precompiled user dll's ...
Registered in 0.002994 seconds.
Begin MonoManager ReloadAssembly
Native extension for WindowsStandalone target not found
Native extension for WebGL target not found
Refreshing native plugins compatible for Editor in 0.33 ms, found 2 plugins.
Preloading 0 native plugins for Editor in 0.00 ms.
Mono: successfully reloaded assembly
- Completed reload, in  0.896 seconds
Platform modules already initialized, skipping
Refreshing native plugins compatible for Editor in 0.28 ms, found 2 plugins.
Preloading 0 native plugins for Editor in 0.00 ms.
Unloading 1383 Unused Serialized files (Serialized files now loaded: 0)
System memory in use before: 68.2 MB.
System memory in use after: 68.3 MB.

Unloading 14 unused Assets to reduce memory usage. Loaded Objects now: 1891.
Total: 1.941200 ms (FindLiveObjects: 0.151400 ms CreateObjectMapping: 0.047100 ms MarkObjects: 1.691400 ms  DeleteObjects: 0.050200 ms)

========================================================================
Received Prepare
Registering precompiled user dll's ...
Registered in 0.005707 seconds.
Begin MonoManager ReloadAssembly
Native extension for WindowsStandalone target not found
Native extension for WebGL target not found
Refreshing native plugins compatible for Editor in 0.45 ms, found 2 plugins.
Preloading 0 native plugins for Editor in 0.00 ms.
Mono: successfully reloaded assembly
- Completed reload, in  1.399 seconds
Platform modules already initialized, skipping
Refreshing native plugins compatible for Editor in 0.41 ms, found 2 plugins.
Preloading 0 native plugins for Editor in 0.00 ms.
Unloading 1383 Unused Serialized files (Serialized files now loaded: 0)
System memory in use before: 68.2 MB.
System memory in use after: 68.3 MB.

Unloading 14 unused Assets to reduce memory usage. Loaded Objects now: 1894.
Total: 5.300600 ms (FindLiveObjects: 0.986100 ms CreateObjectMapping: 0.274300 ms MarkObjects: 3.961900 ms  DeleteObjects: 0.075700 ms)

========================================================================
Received Prepare
Registering precompiled user dll's ...
Registered in 0.003158 seconds.
Begin MonoManager ReloadAssembly
Native extension for WindowsStandalone target not found
Native extension for WebGL target not found
Refreshing native plugins compatible for Editor in 0.51 ms, found 2 plugins.
Preloading 0 native plugins for Editor in 0.00 ms.
Mono: successfully reloaded assembly
- Completed reload, in  1.342 seconds
Platform modules already initialized, skipping
Refreshing native plugins compatible for Editor in 1.01 ms, found 2 plugins.
Preloading 0 native plugins for Editor in 0.00 ms.
Unloading 1383 Unused Serialized files (Serialized files now loaded: 0)
System memory in use before: 68.2 MB.
System memory in use after: 68.3 MB.

Unloading 14 unused Assets to reduce memory usage. Loaded Objects now: 1897.
Total: 3.445100 ms (FindLiveObjects: 0.300400 ms CreateObjectMapping: 0.641300 ms MarkObjects: 2.445300 ms  DeleteObjects: 0.056600 ms)

AssetImportWorkerClient::OnTransportError - code=2 error=End of file
