Using pre-set license
Built from '2020.3/staging' branch; Version is '2020.3.10f1 (297d780c91bc) revision 2719096'; Using compiler version '192528614'; Build Type 'Release'
OS: 'Windows 10 Home Single Language; OS build 19042.1052; Version 2009; 64bit' Language: 'pt' Physical Memory: 8068 MB
BatchMode: 1, IsHumanControllingUs: 0, StartBugReporterOnCrash: 0, Is64bit: 1, IsPro: 0

 COMMAND LINE ARGUMENTS:
C:\Program Files\Unity\Hub\Editor\2020.3.10f1\Editor\Unity.exe
-adb2
-batchMode
-noUpm
-name
AssetImportWorker0
-projectPath
C:/Users/migue/Desktop/PCS3539/Pyramid Maze
-logFile
Logs/AssetImportWorker0.log
-srvPort
61432
Successfully changed project path to: C:/Users/migue/Desktop/PCS3539/Pyramid Maze
C:/Users/migue/Desktop/PCS3539/Pyramid Maze
Using Asset Import Pipeline V2.
Refreshing native plugins compatible for Editor in 33.08 ms, found 2 plugins.
Preloading 0 native plugins for Editor in 0.00 ms.
Initialize engine version: 2020.3.10f1 (297d780c91bc)
[Subsystems] Discovering subsystems at path C:/Program Files/Unity/Hub/Editor/2020.3.10f1/Editor/Data/Resources/UnitySubsystems
[Subsystems] Discovering subsystems at path C:/Users/migue/Desktop/PCS3539/Pyramid Maze/Assets
GfxDevice: creating device client; threaded=0
Direct3D:
    Version:  Direct3D 11.0 [level 11.1]
    Renderer: Radeon (TM) 520 (ID=0x6665)
    Vendor:   
    VRAM:     2039 MB
    Driver:   26.20.15026.1
Initialize mono
Mono path[0] = 'C:/Program Files/Unity/Hub/Editor/2020.3.10f1/Editor/Data/Managed'
Mono path[1] = 'C:/Program Files/Unity/Hub/Editor/2020.3.10f1/Editor/Data/MonoBleedingEdge/lib/mono/unityjit'
Mono config path = 'C:/Program Files/Unity/Hub/Editor/2020.3.10f1/Editor/Data/MonoBleedingEdge/etc'
Using monoOptions --debugger-agent=transport=dt_socket,embedding=1,server=y,suspend=n,address=127.0.0.1:56448
Begin MonoManager ReloadAssembly
Registering precompiled unity dll's ...
Register platform support module: C:/Program Files/Unity/Hub/Editor/2020.3.10f1/Editor/Data/PlaybackEngines/WebGLSupport/UnityEditor.WebGL.Extensions.dll
Register platform support module: C:/Program Files/Unity/Hub/Editor/2020.3.10f1/Editor/Data/PlaybackEngines/WindowsStandaloneSupport/UnityEditor.WindowsStandalone.Extensions.dll
Registered in 0.002196 seconds.
Native extension for WindowsStandalone target not found
Native extension for WebGL target not found
Refreshing native plugins compatible for Editor in 29.40 ms, found 2 plugins.
Preloading 0 native plugins for Editor in 0.00 ms.
Mono: successfully reloaded assembly
- Completed reload, in  1.230 seconds
Platform modules already initialized, skipping
Registering precompiled user dll's ...
Registered in 0.003185 seconds.
Begin MonoManager ReloadAssembly
Symbol file data-000001EE0B6E5840 doesn't match image C:\Users\migue\Desktop\PCS3539\Pyramid Maze\Library\ScriptAssemblies\Assembly-CSharp.dll
Symbol file LoadedFromMemory is not a mono symbol file
Native extension for WindowsStandalone target not found
Native extension for WebGL target not found
Refreshing native plugins compatible for Editor in 0.29 ms, found 2 plugins.
Preloading 0 native plugins for Editor in 0.00 ms.
Mono: successfully reloaded assembly
- Completed reload, in  1.092 seconds
Platform modules already initialized, skipping
========================================================================
Worker process is ready to serve import requests
Launched and connected shader compiler UnityShaderCompiler.exe after 0.29 seconds
Refreshing native plugins compatible for Editor in 0.26 ms, found 2 plugins.
Preloading 0 native plugins for Editor in 0.00 ms.
Unloading 1393 Unused Serialized files (Serialized files now loaded: 0)
System memory in use before: 64.9 MB.
System memory in use after: 65.0 MB.

Unloading 19 unused Assets to reduce memory usage. Loaded Objects now: 1826.
Total: 4.474300 ms (FindLiveObjects: 0.691800 ms CreateObjectMapping: 0.256500 ms MarkObjects: 3.421500 ms  DeleteObjects: 0.102200 ms)

========================================================================
Received Import Request.
  path: Assets/Scripts/CameraMoviment.cs
  artifactKey: Guid(1e12e1c1996dcf04baa2184f639c4d9f) Importer(815301076,1909f56bfc062723c751e8b465ee728b)
Start importing Assets/Scripts/CameraMoviment.cs using Guid(1e12e1c1996dcf04baa2184f639c4d9f) Importer(815301076,1909f56bfc062723c751e8b465ee728b)  -> (artifact id: '95b954c7389c90b49df4384baadba5ac') in 0.342234 seconds
  Import took 0.388608 seconds .

========================================================================
Received Prepare
Registering precompiled user dll's ...
Registered in 0.004031 seconds.
Begin MonoManager ReloadAssembly
Native extension for WindowsStandalone target not found
Native extension for WebGL target not found
Refreshing native plugins compatible for Editor in 0.30 ms, found 2 plugins.
Preloading 0 native plugins for Editor in 0.00 ms.
Mono: successfully reloaded assembly
- Completed reload, in  1.013 seconds
Platform modules already initialized, skipping
Refreshing native plugins compatible for Editor in 0.28 ms, found 2 plugins.
Preloading 0 native plugins for Editor in 0.00 ms.
Unloading 1388 Unused Serialized files (Serialized files now loaded: 0)
System memory in use before: 64.9 MB.
System memory in use after: 65.0 MB.

Unloading 14 unused Assets to reduce memory usage. Loaded Objects now: 1829.
Total: 1.997100 ms (FindLiveObjects: 0.141800 ms CreateObjectMapping: 0.042700 ms MarkObjects: 1.749600 ms  DeleteObjects: 0.062200 ms)

========================================================================
Received Import Request.
  Time since last request: 17.196072 seconds.
  path: Assets/Scripts/CameraMovimente.cs
  artifactKey: Guid(1e12e1c1996dcf04baa2184f639c4d9f) Importer(815301076,1909f56bfc062723c751e8b465ee728b)
Start importing Assets/Scripts/CameraMovimente.cs using Guid(1e12e1c1996dcf04baa2184f639c4d9f) Importer(815301076,1909f56bfc062723c751e8b465ee728b)  -> (artifact id: '9a5f34615d1442467a6efd1393b0f0a5') in 0.005027 seconds
  Import took 0.028541 seconds .

========================================================================
Received Import Request.
  Time since last request: 0.001983 seconds.
  path: Assets/Scripts/CameraMovimente.cs
  artifactKey: Guid(1e12e1c1996dcf04baa2184f639c4d9f) Importer(815301076,1909f56bfc062723c751e8b465ee728b)
Start importing Assets/Scripts/CameraMovimente.cs using Guid(1e12e1c1996dcf04baa2184f639c4d9f) Importer(815301076,1909f56bfc062723c751e8b465ee728b)  -> (artifact id: '9a5f34615d1442467a6efd1393b0f0a5') in 0.003918 seconds
  Import took 0.007079 seconds .

========================================================================
Received Prepare
Registering precompiled user dll's ...
Registered in 0.003308 seconds.
Begin MonoManager ReloadAssembly
Native extension for WindowsStandalone target not found
Native extension for WebGL target not found
Refreshing native plugins compatible for Editor in 0.32 ms, found 2 plugins.
Preloading 0 native plugins for Editor in 0.00 ms.
Mono: successfully reloaded assembly
- Completed reload, in  1.039 seconds
Platform modules already initialized, skipping
Refreshing native plugins compatible for Editor in 0.39 ms, found 2 plugins.
Preloading 0 native plugins for Editor in 0.00 ms.
Unloading 1388 Unused Serialized files (Serialized files now loaded: 0)
System memory in use before: 64.9 MB.
System memory in use after: 65.0 MB.

Unloading 14 unused Assets to reduce memory usage. Loaded Objects now: 1832.
Total: 1.665000 ms (FindLiveObjects: 0.144500 ms CreateObjectMapping: 0.046000 ms MarkObjects: 1.426700 ms  DeleteObjects: 0.046800 ms)

========================================================================
Received Prepare
Registering precompiled user dll's ...
Registered in 0.003280 seconds.
Begin MonoManager ReloadAssembly
Native extension for WindowsStandalone target not found
Native extension for WebGL target not found
Refreshing native plugins compatible for Editor in 0.32 ms, found 2 plugins.
Preloading 0 native plugins for Editor in 0.00 ms.
Mono: successfully reloaded assembly
- Completed reload, in  0.920 seconds
Platform modules already initialized, skipping
Refreshing native plugins compatible for Editor in 0.36 ms, found 2 plugins.
Preloading 0 native plugins for Editor in 0.00 ms.
Unloading 1388 Unused Serialized files (Serialized files now loaded: 0)
System memory in use before: 64.9 MB.
System memory in use after: 65.0 MB.

Unloading 14 unused Assets to reduce memory usage. Loaded Objects now: 1835.
Total: 1.624100 ms (FindLiveObjects: 0.141300 ms CreateObjectMapping: 0.045900 ms MarkObjects: 1.386200 ms  DeleteObjects: 0.049800 ms)

========================================================================
Received Import Request.
  Time since last request: 85.859542 seconds.
  path: Assets/Scripts/CameraMovimente.cs
  artifactKey: Guid(1e12e1c1996dcf04baa2184f639c4d9f) Importer(815301076,1909f56bfc062723c751e8b465ee728b)
Start importing Assets/Scripts/CameraMovimente.cs using Guid(1e12e1c1996dcf04baa2184f639c4d9f) Importer(815301076,1909f56bfc062723c751e8b465ee728b)  -> (artifact id: 'eab8cac1e0ce1bf4c45cfe90cb2b8b1b') in 0.003573 seconds
  Import took 0.029567 seconds .

========================================================================
Received Import Request.
  Time since last request: 7.745617 seconds.
  path: Assets/Scripts/CameraMovement.cs
  artifactKey: Guid(1e12e1c1996dcf04baa2184f639c4d9f) Importer(815301076,1909f56bfc062723c751e8b465ee728b)
Start importing Assets/Scripts/CameraMovement.cs using Guid(1e12e1c1996dcf04baa2184f639c4d9f) Importer(815301076,1909f56bfc062723c751e8b465ee728b)  -> (artifact id: 'fc5a7a9a06f329e9ff1a1da13650df0e') in 0.005060 seconds
  Import took 0.023665 seconds .

========================================================================
Received Import Request.
  Time since last request: 0.096543 seconds.
  path: Assets/Scripts/CameraMovement.cs
  artifactKey: Guid(1e12e1c1996dcf04baa2184f639c4d9f) Importer(815301076,1909f56bfc062723c751e8b465ee728b)
Start importing Assets/Scripts/CameraMovement.cs using Guid(1e12e1c1996dcf04baa2184f639c4d9f) Importer(815301076,1909f56bfc062723c751e8b465ee728b)  -> (artifact id: 'fc5a7a9a06f329e9ff1a1da13650df0e') in 0.002517 seconds
  Import took 0.005436 seconds .

========================================================================
Received Prepare
Registering precompiled user dll's ...
Registered in 0.003242 seconds.
Begin MonoManager ReloadAssembly
Native extension for WindowsStandalone target not found
Native extension for WebGL target not found
Refreshing native plugins compatible for Editor in 0.28 ms, found 2 plugins.
Preloading 0 native plugins for Editor in 0.00 ms.
Mono: successfully reloaded assembly
- Completed reload, in  0.982 seconds
Platform modules already initialized, skipping
Refreshing native plugins compatible for Editor in 0.44 ms, found 2 plugins.
Preloading 0 native plugins for Editor in 0.00 ms.
Unloading 1388 Unused Serialized files (Serialized files now loaded: 0)
System memory in use before: 64.9 MB.
System memory in use after: 65.0 MB.

Unloading 14 unused Assets to reduce memory usage. Loaded Objects now: 1838.
Total: 1.760000 ms (FindLiveObjects: 0.187600 ms CreateObjectMapping: 0.044400 ms MarkObjects: 1.476700 ms  DeleteObjects: 0.050400 ms)

========================================================================
Received Prepare
Registering precompiled user dll's ...
Registered in 0.003047 seconds.
Begin MonoManager ReloadAssembly
Native extension for WindowsStandalone target not found
Native extension for WebGL target not found
Refreshing native plugins compatible for Editor in 0.40 ms, found 2 plugins.
Preloading 0 native plugins for Editor in 0.00 ms.
Mono: successfully reloaded assembly
- Completed reload, in  0.982 seconds
Platform modules already initialized, skipping
Refreshing native plugins compatible for Editor in 0.29 ms, found 2 plugins.
Preloading 0 native plugins for Editor in 0.00 ms.
Unloading 1388 Unused Serialized files (Serialized files now loaded: 0)
System memory in use before: 65.0 MB.
System memory in use after: 65.0 MB.

Unloading 14 unused Assets to reduce memory usage. Loaded Objects now: 1841.
Total: 2.735900 ms (FindLiveObjects: 0.376500 ms CreateObjectMapping: 0.178400 ms MarkObjects: 2.119200 ms  DeleteObjects: 0.060500 ms)

========================================================================
Received Prepare
Registering precompiled user dll's ...
Registered in 0.003029 seconds.
Begin MonoManager ReloadAssembly
Native extension for WindowsStandalone target not found
Native extension for WebGL target not found
Refreshing native plugins compatible for Editor in 0.30 ms, found 2 plugins.
Preloading 0 native plugins for Editor in 0.00 ms.
Mono: successfully reloaded assembly
- Completed reload, in  0.964 seconds
Platform modules already initialized, skipping
Refreshing native plugins compatible for Editor in 0.43 ms, found 2 plugins.
Preloading 0 native plugins for Editor in 0.00 ms.
Unloading 1388 Unused Serialized files (Serialized files now loaded: 0)
System memory in use before: 65.0 MB.
System memory in use after: 65.0 MB.

Unloading 14 unused Assets to reduce memory usage. Loaded Objects now: 1844.
Total: 1.752000 ms (FindLiveObjects: 0.153400 ms CreateObjectMapping: 0.047600 ms MarkObjects: 1.497400 ms  DeleteObjects: 0.052500 ms)

========================================================================
Received Import Request.
  Time since last request: 210.220115 seconds.
  path: Assets/Scripts/PlayerMechanic2.cs
  artifactKey: Guid(1d57204e1a9a68b4f9a4bbf371c9bfc2) Importer(815301076,1909f56bfc062723c751e8b465ee728b)
Start importing Assets/Scripts/PlayerMechanic2.cs using Guid(1d57204e1a9a68b4f9a4bbf371c9bfc2) Importer(815301076,1909f56bfc062723c751e8b465ee728b)  -> (artifact id: '9c13c72045c49636afe89acc1b6accf7') in 0.026786 seconds
  Import took 0.031030 seconds .

AssetImportWorkerClient::OnTransportError - code=2 error=End of file
