Using pre-set license
Built from '2020.3/staging' branch; Version is '2020.3.10f1 (297d780c91bc) revision 2719096'; Using compiler version '192528614'; Build Type 'Release'
OS: 'Windows 10 Home Single Language; OS build 19042.1052; Version 2009; 64bit' Language: 'pt' Physical Memory: 8068 MB
BatchMode: 1, IsHumanControllingUs: 0, StartBugReporterOnCrash: 0, Is64bit: 1, IsPro: 0

 COMMAND LINE ARGUMENTS:
C:\Program Files\Unity\Hub\Editor\2020.3.10f1\Editor\Unity.exe
-adb2
-batchMode
-noUpm
-name
AssetImportWorker1
-projectPath
C:/Users/migue/Desktop/PCS3539/Pyramid Maze
-logFile
Logs/AssetImportWorker1.log
-srvPort
52570
Successfully changed project path to: C:/Users/migue/Desktop/PCS3539/Pyramid Maze
C:/Users/migue/Desktop/PCS3539/Pyramid Maze
Using Asset Import Pipeline V2.
Refreshing native plugins compatible for Editor in 40.32 ms, found 2 plugins.
Preloading 0 native plugins for Editor in 0.00 ms.
Initialize engine version: 2020.3.10f1 (297d780c91bc)
[Subsystems] Discovering subsystems at path C:/Program Files/Unity/Hub/Editor/2020.3.10f1/Editor/Data/Resources/UnitySubsystems
[Subsystems] Discovering subsystems at path C:/Users/migue/Desktop/PCS3539/Pyramid Maze/Assets
GfxDevice: creating device client; threaded=0
Direct3D:
    Version:  Direct3D 11.0 [level 11.1]
    Renderer: Radeon (TM) 520 (ID=0x6665)
    Vendor:   
    VRAM:     2039 MB
    Driver:   26.20.15026.1
Initialize mono
Mono path[0] = 'C:/Program Files/Unity/Hub/Editor/2020.3.10f1/Editor/Data/Managed'
Mono path[1] = 'C:/Program Files/Unity/Hub/Editor/2020.3.10f1/Editor/Data/MonoBleedingEdge/lib/mono/unityjit'
Mono config path = 'C:/Program Files/Unity/Hub/Editor/2020.3.10f1/Editor/Data/MonoBleedingEdge/etc'
Using monoOptions --debugger-agent=transport=dt_socket,embedding=1,server=y,suspend=n,address=127.0.0.1:56868
Begin MonoManager ReloadAssembly
Registering precompiled unity dll's ...
Register platform support module: C:/Program Files/Unity/Hub/Editor/2020.3.10f1/Editor/Data/PlaybackEngines/WebGLSupport/UnityEditor.WebGL.Extensions.dll
Register platform support module: C:/Program Files/Unity/Hub/Editor/2020.3.10f1/Editor/Data/PlaybackEngines/WindowsStandaloneSupport/UnityEditor.WindowsStandalone.Extensions.dll
Registered in 0.001982 seconds.
Native extension for WindowsStandalone target not found
Native extension for WebGL target not found
Refreshing native plugins compatible for Editor in 25.80 ms, found 2 plugins.
Preloading 0 native plugins for Editor in 0.00 ms.
Mono: successfully reloaded assembly
- Completed reload, in  1.042 seconds
Platform modules already initialized, skipping
Registering precompiled user dll's ...
Registered in 0.003159 seconds.
Begin MonoManager ReloadAssembly
Native extension for WindowsStandalone target not found
Native extension for WebGL target not found
Refreshing native plugins compatible for Editor in 0.41 ms, found 2 plugins.
Preloading 0 native plugins for Editor in 0.00 ms.
Mono: successfully reloaded assembly
- Completed reload, in  2.094 seconds
Platform modules already initialized, skipping
========================================================================
Worker process is ready to serve import requests
Launched and connected shader compiler UnityShaderCompiler.exe after 0.62 seconds
Refreshing native plugins compatible for Editor in 1.11 ms, found 2 plugins.
Preloading 0 native plugins for Editor in 0.00 ms.
Unloading 1390 Unused Serialized files (Serialized files now loaded: 0)
System memory in use before: 64.9 MB.
System memory in use after: 64.9 MB.

Unloading 19 unused Assets to reduce memory usage. Loaded Objects now: 1823.
Total: 4.200600 ms (FindLiveObjects: 0.239300 ms CreateObjectMapping: 0.410000 ms MarkObjects: 3.395500 ms  DeleteObjects: 0.152500 ms)

========================================================================
Received Import Request.
  path: Assets/Scenes/SampleScene.unity
  artifactKey: Guid(9fc0d4010bbf28b4594072e72b8655ab) Importer(815301076,1909f56bfc062723c751e8b465ee728b)
Start importing Assets/Scenes/SampleScene.unity using Guid(9fc0d4010bbf28b4594072e72b8655ab) Importer(815301076,1909f56bfc062723c751e8b465ee728b)  -> (artifact id: '65d3138bf1e0222b45cc5c31dcf4b48f') in 0.135923 seconds
  Import took 0.286809 seconds .

========================================================================
Received Import Request.
  Time since last request: 7.370721 seconds.
  path: Assets/Scenes/Miguel.unity
  artifactKey: Guid(7bdb855ad500f34448a58c48e616c988) Importer(815301076,1909f56bfc062723c751e8b465ee728b)
Start importing Assets/Scenes/Miguel.unity using Guid(7bdb855ad500f34448a58c48e616c988) Importer(815301076,1909f56bfc062723c751e8b465ee728b)  -> (artifact id: 'f4b5e4141b2e77a97692f6f14b71e525') in 0.005587 seconds
  Import took 0.080300 seconds .

========================================================================
Received Prepare
Registering precompiled user dll's ...
Registered in 0.003274 seconds.
Begin MonoManager ReloadAssembly
Native extension for WindowsStandalone target not found
Native extension for WebGL target not found
Refreshing native plugins compatible for Editor in 0.31 ms, found 2 plugins.
Preloading 0 native plugins for Editor in 0.00 ms.
Mono: successfully reloaded assembly
- Completed reload, in  0.933 seconds
Platform modules already initialized, skipping
Refreshing native plugins compatible for Editor in 1.24 ms, found 2 plugins.
Preloading 0 native plugins for Editor in 0.00 ms.
Unloading 1385 Unused Serialized files (Serialized files now loaded: 0)
System memory in use before: 64.8 MB.
System memory in use after: 64.9 MB.

Unloading 14 unused Assets to reduce memory usage. Loaded Objects now: 1826.
Total: 2.006700 ms (FindLiveObjects: 0.166500 ms CreateObjectMapping: 0.054500 ms MarkObjects: 1.726800 ms  DeleteObjects: 0.057800 ms)

========================================================================
Received Import Request.
  Time since last request: 68.089809 seconds.
  path: Assets/Scenes/Renan.unity
  artifactKey: Guid(b976fcb7d35239f4bba66122347cdae6) Importer(815301076,1909f56bfc062723c751e8b465ee728b)
Start importing Assets/Scenes/Renan.unity using Guid(b976fcb7d35239f4bba66122347cdae6) Importer(815301076,1909f56bfc062723c751e8b465ee728b)  -> (artifact id: 'b969f2f96bf51def3eaaae7ce3df925a') in 0.068043 seconds
  Import took 0.133759 seconds .

========================================================================
Received Import Request.
  Time since last request: 36.435802 seconds.
  path: Assets/Scenes/Vitor Passo.unity
  artifactKey: Guid(5a25cd8bcaa93484aacdce7148905fc3) Importer(815301076,1909f56bfc062723c751e8b465ee728b)
Start importing Assets/Scenes/Vitor Passo.unity using Guid(5a25cd8bcaa93484aacdce7148905fc3) Importer(815301076,1909f56bfc062723c751e8b465ee728b)  -> (artifact id: 'bf576b20e0c3008a53098718225e7ab2') in 0.006596 seconds
  Import took 0.097519 seconds .

========================================================================
Received Import Request.
  Time since last request: 3.420355 seconds.
  path: Assets/Scenes/Vitor Passos.unity
  artifactKey: Guid(5a25cd8bcaa93484aacdce7148905fc3) Importer(815301076,1909f56bfc062723c751e8b465ee728b)
Start importing Assets/Scenes/Vitor Passos.unity using Guid(5a25cd8bcaa93484aacdce7148905fc3) Importer(815301076,1909f56bfc062723c751e8b465ee728b)  -> (artifact id: 'd6302c278b3d3c46ea2a8d4a622f7fdb') in 0.003675 seconds
  Import took 0.110575 seconds .

========================================================================
Received Import Request.
  Time since last request: 3.818412 seconds.
  path: Assets/Scenes/Victor Passos.unity
  artifactKey: Guid(5a25cd8bcaa93484aacdce7148905fc3) Importer(815301076,1909f56bfc062723c751e8b465ee728b)
Start importing Assets/Scenes/Victor Passos.unity using Guid(5a25cd8bcaa93484aacdce7148905fc3) Importer(815301076,1909f56bfc062723c751e8b465ee728b)  -> (artifact id: '6b1889442d3379b47610ca013e58a06c') in 0.003191 seconds
  Import took 0.031801 seconds .

========================================================================
Received Import Request.
  Time since last request: 14.113929 seconds.
  path: Assets/Scenes/Vitor Santos.unity
  artifactKey: Guid(933f00e078353e94088032274c5b9ded) Importer(815301076,1909f56bfc062723c751e8b465ee728b)
Start importing Assets/Scenes/Vitor Santos.unity using Guid(933f00e078353e94088032274c5b9ded) Importer(815301076,1909f56bfc062723c751e8b465ee728b)  -> (artifact id: 'fb216f7fb8de1686ec06ed33d61b6771') in 0.002886 seconds
  Import took 0.121222 seconds .

========================================================================
Received Import Request.
  Time since last request: 12.656059 seconds.
  path: Assets/Scripts/PlayerMechanic.cs
  artifactKey: Guid(5d412e2e5b3260c4ba6adb6f1cfb7fde) Importer(815301076,1909f56bfc062723c751e8b465ee728b)
Start importing Assets/Scripts/PlayerMechanic.cs using Guid(5d412e2e5b3260c4ba6adb6f1cfb7fde) Importer(815301076,1909f56bfc062723c751e8b465ee728b)  -> (artifact id: 'def1065e2bca0b27e25dbe2ee60b0852') in 0.834411 seconds
  Import took 0.842651 seconds .

========================================================================
Received Prepare
Registering precompiled user dll's ...
Registered in 0.003479 seconds.
Begin MonoManager ReloadAssembly
Native extension for WindowsStandalone target not found
Native extension for WebGL target not found
Refreshing native plugins compatible for Editor in 0.30 ms, found 2 plugins.
Preloading 0 native plugins for Editor in 0.00 ms.
Mono: successfully reloaded assembly
- Completed reload, in  0.991 seconds
Platform modules already initialized, skipping
Refreshing native plugins compatible for Editor in 0.51 ms, found 2 plugins.
Preloading 0 native plugins for Editor in 0.00 ms.
Unloading 1385 Unused Serialized files (Serialized files now loaded: 0)
System memory in use before: 64.9 MB.
System memory in use after: 65.0 MB.

Unloading 14 unused Assets to reduce memory usage. Loaded Objects now: 1829.
Total: 3.163700 ms (FindLiveObjects: 0.294900 ms CreateObjectMapping: 0.127900 ms MarkObjects: 2.684100 ms  DeleteObjects: 0.055300 ms)

========================================================================
Received Import Request.
  Time since last request: 51.584914 seconds.
  path: Assets/Scripts/PlayerMechanic.cs
  artifactKey: Guid(5d412e2e5b3260c4ba6adb6f1cfb7fde) Importer(815301076,1909f56bfc062723c751e8b465ee728b)
Start importing Assets/Scripts/PlayerMechanic.cs using Guid(5d412e2e5b3260c4ba6adb6f1cfb7fde) Importer(815301076,1909f56bfc062723c751e8b465ee728b)  -> (artifact id: '75d186231e695e7f68b8afc0ff1aa9b9') in 0.008524 seconds
  Import took 0.012060 seconds .

========================================================================
Received Prepare
Registering precompiled user dll's ...
Registered in 0.002973 seconds.
Begin MonoManager ReloadAssembly
Native extension for WindowsStandalone target not found
Native extension for WebGL target not found
Refreshing native plugins compatible for Editor in 0.46 ms, found 2 plugins.
Preloading 0 native plugins for Editor in 0.00 ms.
Mono: successfully reloaded assembly
- Completed reload, in  0.933 seconds
Platform modules already initialized, skipping
Refreshing native plugins compatible for Editor in 0.42 ms, found 2 plugins.
Preloading 0 native plugins for Editor in 0.00 ms.
Unloading 1385 Unused Serialized files (Serialized files now loaded: 0)
System memory in use before: 64.9 MB.
System memory in use after: 65.0 MB.

Unloading 14 unused Assets to reduce memory usage. Loaded Objects now: 1832.
Total: 1.710700 ms (FindLiveObjects: 0.145500 ms CreateObjectMapping: 0.048000 ms MarkObjects: 1.458900 ms  DeleteObjects: 0.057300 ms)

========================================================================
Received Import Request.
  Time since last request: 235.064256 seconds.
  path: Assets/Scenes/Leonardo.unity
  artifactKey: Guid(e8bfe107c10382e48a48650ee96bfcaf) Importer(815301076,1909f56bfc062723c751e8b465ee728b)
Start importing Assets/Scenes/Leonardo.unity using Guid(e8bfe107c10382e48a48650ee96bfcaf) Importer(815301076,1909f56bfc062723c751e8b465ee728b)  -> (artifact id: '59c41ad4f76f5de7564b98e21fb9ce7a') in 0.036800 seconds
  Import took 0.042036 seconds .

AssetImportWorkerClient::OnTransportError - code=2 error=End of file
