Using pre-set license
Built from '2020.3/staging' branch; Version is '2020.3.10f1 (297d780c91bc) revision 2719096'; Using compiler version '192528614'; Build Type 'Release'
OS: 'Windows 10 Home Single Language; OS build 19041.1052; Version 2004; 64bit' Language: 'pt' Physical Memory: 8066 MB
BatchMode: 1, IsHumanControllingUs: 0, StartBugReporterOnCrash: 0, Is64bit: 1, IsPro: 0

 COMMAND LINE ARGUMENTS:
C:\Program Files\Unity\Hub\Editor\2020.3.10f1\Editor\Unity.exe
-adb2
-batchMode
-noUpm
-name
AssetImportWorker1
-projectPath
C:/Users/Victor/Documents/GitHub/PCS3539/Pyramid Maze
-logFile
Logs/AssetImportWorker1.log
-srvPort
62974
Successfully changed project path to: C:/Users/Victor/Documents/GitHub/PCS3539/Pyramid Maze
C:/Users/Victor/Documents/GitHub/PCS3539/Pyramid Maze
Using Asset Import Pipeline V2.
Refreshing native plugins compatible for Editor in 62.25 ms, found 2 plugins.
Preloading 0 native plugins for Editor in 0.00 ms.
Initialize engine version: 2020.3.10f1 (297d780c91bc)
[Subsystems] Discovering subsystems at path C:/Program Files/Unity/Hub/Editor/2020.3.10f1/Editor/Data/Resources/UnitySubsystems
[Subsystems] Discovering subsystems at path C:/Users/Victor/Documents/GitHub/PCS3539/Pyramid Maze/Assets
GfxDevice: creating device client; threaded=0
Direct3D:
    Version:  Direct3D 11.0 [level 11.1]
    Renderer: NVIDIA GeForce MX150 (ID=0x1d10)
    Vendor:   
    VRAM:     1994 MB
    Driver:   23.21.13.8875
Initialize mono
Mono path[0] = 'C:/Program Files/Unity/Hub/Editor/2020.3.10f1/Editor/Data/Managed'
Mono path[1] = 'C:/Program Files/Unity/Hub/Editor/2020.3.10f1/Editor/Data/MonoBleedingEdge/lib/mono/unityjit'
Mono config path = 'C:/Program Files/Unity/Hub/Editor/2020.3.10f1/Editor/Data/MonoBleedingEdge/etc'
Using monoOptions --debugger-agent=transport=dt_socket,embedding=1,server=y,suspend=n,address=127.0.0.1:56572
Begin MonoManager ReloadAssembly
Registering precompiled unity dll's ...
Register platform support module: C:/Program Files/Unity/Hub/Editor/2020.3.10f1/Editor/Data/PlaybackEngines/WindowsStandaloneSupport/UnityEditor.WindowsStandalone.Extensions.dll
Registered in 0.006484 seconds.
Native extension for WindowsStandalone target not found
Refreshing native plugins compatible for Editor in 81.22 ms, found 2 plugins.
Preloading 0 native plugins for Editor in 0.00 ms.
Mono: successfully reloaded assembly
- Completed reload, in  7.984 seconds
Platform modules already initialized, skipping
Registering precompiled user dll's ...
Registered in 0.237552 seconds.
Begin MonoManager ReloadAssembly
Native extension for WindowsStandalone target not found
Refreshing native plugins compatible for Editor in 0.37 ms, found 2 plugins.
Preloading 0 native plugins for Editor in 0.00 ms.
Mono: successfully reloaded assembly
- Completed reload, in  1.041 seconds
Platform modules already initialized, skipping
========================================================================
Worker process is ready to serve import requests
Launched and connected shader compiler UnityShaderCompiler.exe after 0.08 seconds
Refreshing native plugins compatible for Editor in 0.57 ms, found 2 plugins.
Preloading 0 native plugins for Editor in 0.00 ms.
Unloading 1398 Unused Serialized files (Serialized files now loaded: 0)
System memory in use before: 72.8 MB.
System memory in use after: 72.8 MB.

Unloading 19 unused Assets to reduce memory usage. Loaded Objects now: 1847.
Total: 4.164700 ms (FindLiveObjects: 0.269100 ms CreateObjectMapping: 0.171800 ms MarkObjects: 3.544900 ms  DeleteObjects: 0.176200 ms)

========================================================================
Received Import Request.
  path: Assets/Scenes/Victor Passos.unity
  artifactKey: Guid(5a25cd8bcaa93484aacdce7148905fc3) Importer(815301076,1909f56bfc062723c751e8b465ee728b)
Start importing Assets/Scenes/Victor Passos.unity using Guid(5a25cd8bcaa93484aacdce7148905fc3) Importer(815301076,1909f56bfc062723c751e8b465ee728b)  -> (artifact id: '0e0ca287d2765f58521f86fecbfbad52') in 0.059639 seconds
  Import took 0.064950 seconds .

========================================================================
Received Prepare
Refreshing native plugins compatible for Editor in 3.11 ms, found 2 plugins.
Preloading 0 native plugins for Editor in 0.00 ms.
Unloading 12 Unused Serialized files (Serialized files now loaded: 0)
System memory in use before: 45.2 MB.
System memory in use after: 45.3 MB.

Unloading 12 unused Assets to reduce memory usage. Loaded Objects now: 1847.
Total: 2.666400 ms (FindLiveObjects: 0.172500 ms CreateObjectMapping: 0.048800 ms MarkObjects: 2.380700 ms  DeleteObjects: 0.063600 ms)

========================================================================
Received Prepare
Registering precompiled user dll's ...
Registered in 0.005582 seconds.
Begin MonoManager ReloadAssembly
Native extension for WindowsStandalone target not found
Refreshing native plugins compatible for Editor in 0.61 ms, found 2 plugins.
Preloading 0 native plugins for Editor in 0.00 ms.
Mono: successfully reloaded assembly
- Completed reload, in  2.062 seconds
Platform modules already initialized, skipping
Refreshing native plugins compatible for Editor in 0.57 ms, found 2 plugins.
Preloading 0 native plugins for Editor in 0.00 ms.
Unloading 1393 Unused Serialized files (Serialized files now loaded: 0)
System memory in use before: 72.8 MB.
System memory in use after: 72.9 MB.

Unloading 14 unused Assets to reduce memory usage. Loaded Objects now: 1850.
Total: 3.355300 ms (FindLiveObjects: 0.248800 ms CreateObjectMapping: 0.087500 ms MarkObjects: 2.912300 ms  DeleteObjects: 0.104400 ms)

========================================================================
Received Import Request.
  Time since last request: 138.157323 seconds.
  path: Assets/Scenes/Vitor Santos.unity
  artifactKey: Guid(933f00e078353e94088032274c5b9ded) Importer(815301076,1909f56bfc062723c751e8b465ee728b)
Start importing Assets/Scenes/Vitor Santos.unity using Guid(933f00e078353e94088032274c5b9ded) Importer(815301076,1909f56bfc062723c751e8b465ee728b)  -> (artifact id: 'a3d6c4c5ae36c15cab77c1c7514f07b2') in 0.058636 seconds
  Import took 0.063930 seconds .

========================================================================
Received Import Request.
  Time since last request: 61.339051 seconds.
  path: Assets/Scenes/Victor Passos.unity
  artifactKey: Guid(5a25cd8bcaa93484aacdce7148905fc3) Importer(815301076,1909f56bfc062723c751e8b465ee728b)
Start importing Assets/Scenes/Victor Passos.unity using Guid(5a25cd8bcaa93484aacdce7148905fc3) Importer(815301076,1909f56bfc062723c751e8b465ee728b)  -> (artifact id: '169f0f0c31b6a8836326994b3332d1a8') in 0.002650 seconds
  Import took 0.005063 seconds .

========================================================================
Received Prepare
Registering precompiled user dll's ...
Registered in 0.004109 seconds.
Begin MonoManager ReloadAssembly
Native extension for WindowsStandalone target not found
Refreshing native plugins compatible for Editor in 0.33 ms, found 2 plugins.
Preloading 0 native plugins for Editor in 0.00 ms.
Mono: successfully reloaded assembly
- Completed reload, in  0.938 seconds
Platform modules already initialized, skipping
Refreshing native plugins compatible for Editor in 0.37 ms, found 2 plugins.
Preloading 0 native plugins for Editor in 0.00 ms.
Unloading 1393 Unused Serialized files (Serialized files now loaded: 0)
System memory in use before: 72.9 MB.
System memory in use after: 72.9 MB.

Unloading 14 unused Assets to reduce memory usage. Loaded Objects now: 1853.
Total: 1.870000 ms (FindLiveObjects: 0.138000 ms CreateObjectMapping: 0.043200 ms MarkObjects: 1.630200 ms  DeleteObjects: 0.057800 ms)

========================================================================
Received Import Request.
  Time since last request: 34.600487 seconds.
  path: Assets/Scenes/Victor Passos.unity
  artifactKey: Guid(5a25cd8bcaa93484aacdce7148905fc3) Importer(815301076,1909f56bfc062723c751e8b465ee728b)
Start importing Assets/Scenes/Victor Passos.unity using Guid(5a25cd8bcaa93484aacdce7148905fc3) Importer(815301076,1909f56bfc062723c751e8b465ee728b)  -> (artifact id: 'f28e588725e422392809460837273e42') in 0.013009 seconds
  Import took 0.015818 seconds .

========================================================================
Received Prepare
Registering precompiled user dll's ...
Registered in 0.008509 seconds.
Begin MonoManager ReloadAssembly
Native extension for WindowsStandalone target not found
Refreshing native plugins compatible for Editor in 0.33 ms, found 2 plugins.
Preloading 0 native plugins for Editor in 0.00 ms.
Mono: successfully reloaded assembly
- Completed reload, in  0.945 seconds
Platform modules already initialized, skipping
Refreshing native plugins compatible for Editor in 0.38 ms, found 2 plugins.
Preloading 0 native plugins for Editor in 0.00 ms.
Unloading 1393 Unused Serialized files (Serialized files now loaded: 0)
System memory in use before: 72.9 MB.
System memory in use after: 73.0 MB.

Unloading 14 unused Assets to reduce memory usage. Loaded Objects now: 1856.
Total: 2.150700 ms (FindLiveObjects: 0.164600 ms CreateObjectMapping: 0.039600 ms MarkObjects: 1.878400 ms  DeleteObjects: 0.067000 ms)

========================================================================
Received Prepare
Registering precompiled user dll's ...
Registered in 0.004138 seconds.
Begin MonoManager ReloadAssembly
Native extension for WindowsStandalone target not found
Refreshing native plugins compatible for Editor in 0.33 ms, found 2 plugins.
Preloading 0 native plugins for Editor in 0.00 ms.
Mono: successfully reloaded assembly
- Completed reload, in  0.944 seconds
Platform modules already initialized, skipping
Refreshing native plugins compatible for Editor in 0.38 ms, found 2 plugins.
Preloading 0 native plugins for Editor in 0.00 ms.
Unloading 1393 Unused Serialized files (Serialized files now loaded: 0)
System memory in use before: 72.9 MB.
System memory in use after: 73.0 MB.

Unloading 14 unused Assets to reduce memory usage. Loaded Objects now: 1859.
Total: 2.127600 ms (FindLiveObjects: 0.138400 ms CreateObjectMapping: 0.041700 ms MarkObjects: 1.884600 ms  DeleteObjects: 0.061700 ms)

========================================================================
Received Prepare
Registering precompiled user dll's ...
Registered in 0.008670 seconds.
Begin MonoManager ReloadAssembly
Native extension for WindowsStandalone target not found
Refreshing native plugins compatible for Editor in 0.63 ms, found 2 plugins.
Preloading 0 native plugins for Editor in 0.00 ms.
Mono: successfully reloaded assembly
- Completed reload, in  2.023 seconds
Platform modules already initialized, skipping
Refreshing native plugins compatible for Editor in 0.69 ms, found 2 plugins.
Preloading 0 native plugins for Editor in 0.00 ms.
Unloading 1393 Unused Serialized files (Serialized files now loaded: 0)
System memory in use before: 72.9 MB.
System memory in use after: 73.0 MB.

Unloading 14 unused Assets to reduce memory usage. Loaded Objects now: 1862.
Total: 3.383900 ms (FindLiveObjects: 0.225100 ms CreateObjectMapping: 0.076000 ms MarkObjects: 2.969800 ms  DeleteObjects: 0.111100 ms)

========================================================================
Received Import Request.
  Time since last request: 313.987345 seconds.
  path: Assets/Scripts/Scripts_Leo
  artifactKey: Guid(9db56508e870c2b47b3092879627162f) Importer(815301076,1909f56bfc062723c751e8b465ee728b)
Start importing Assets/Scripts/Scripts_Leo using Guid(9db56508e870c2b47b3092879627162f) Importer(815301076,1909f56bfc062723c751e8b465ee728b)  -> (artifact id: 'a48b2adad370dc887f0e4dce9b73623a') in 0.136783 seconds
  Import took 0.141958 seconds .

========================================================================
Received Import Request.
  Time since last request: 0.100784 seconds.
  path: Assets/Scripts/Scripts_Leo
  artifactKey: Guid(9db56508e870c2b47b3092879627162f) Importer(815301076,1909f56bfc062723c751e8b465ee728b)
Start importing Assets/Scripts/Scripts_Leo using Guid(9db56508e870c2b47b3092879627162f) Importer(815301076,1909f56bfc062723c751e8b465ee728b)  -> (artifact id: 'a48b2adad370dc887f0e4dce9b73623a') in 0.005012 seconds
  Import took 0.009330 seconds .

========================================================================
Received Import Request.
  Time since last request: 1.477148 seconds.
  path: Assets/Scripts/Scripts_Leo/paraNaoDestruirOSom.cs
  artifactKey: Guid(f39c73f74cbe10847926092ff783a534) Importer(815301076,1909f56bfc062723c751e8b465ee728b)
Start importing Assets/Scripts/Scripts_Leo/paraNaoDestruirOSom.cs using Guid(f39c73f74cbe10847926092ff783a534) Importer(815301076,1909f56bfc062723c751e8b465ee728b)  -> (artifact id: '16d14343c85f65618281088ab3fb0d03') in 0.122394 seconds
  Import took 0.127052 seconds .

========================================================================
Received Import Request.
  Time since last request: 0.074420 seconds.
  path: Assets/Scripts/Scripts_Leo/paraNaoDestruirOSom.cs
  artifactKey: Guid(f39c73f74cbe10847926092ff783a534) Importer(815301076,1909f56bfc062723c751e8b465ee728b)
Start importing Assets/Scripts/Scripts_Leo/paraNaoDestruirOSom.cs using Guid(f39c73f74cbe10847926092ff783a534) Importer(815301076,1909f56bfc062723c751e8b465ee728b)  -> (artifact id: '16d14343c85f65618281088ab3fb0d03') in 0.004514 seconds
  Import took 0.009681 seconds .

========================================================================
Received Import Request.
  Time since last request: 2.634748 seconds.
  path: Assets/Scripts/Scripts_Leo/playerMechanicLeo.cs
  artifactKey: Guid(c0d00f1e01eca644ea553d71a4342cb6) Importer(815301076,1909f56bfc062723c751e8b465ee728b)
Start importing Assets/Scripts/Scripts_Leo/playerMechanicLeo.cs using Guid(c0d00f1e01eca644ea553d71a4342cb6) Importer(815301076,1909f56bfc062723c751e8b465ee728b)  -> (artifact id: 'dd38c2dd979f08b745dd43c7b0190ede') in 0.023725 seconds
  Import took 0.028041 seconds .

========================================================================
Received Import Request.
  Time since last request: 0.039353 seconds.
  path: Assets/Scripts/Scripts_Leo/playerMechanicLeo.cs
  artifactKey: Guid(c0d00f1e01eca644ea553d71a4342cb6) Importer(815301076,1909f56bfc062723c751e8b465ee728b)
Start importing Assets/Scripts/Scripts_Leo/playerMechanicLeo.cs using Guid(c0d00f1e01eca644ea553d71a4342cb6) Importer(815301076,1909f56bfc062723c751e8b465ee728b)  -> (artifact id: 'dd38c2dd979f08b745dd43c7b0190ede') in 0.004727 seconds
  Import took 0.009014 seconds .

========================================================================
Received Import Request.
  Time since last request: 2.232384 seconds.
  path: Assets/Scripts/Scripts_Leo/SceneSwitch.cs
  artifactKey: Guid(11fd19a6893c3064cbebc12a5f8a8fdf) Importer(815301076,1909f56bfc062723c751e8b465ee728b)
Start importing Assets/Scripts/Scripts_Leo/SceneSwitch.cs using Guid(11fd19a6893c3064cbebc12a5f8a8fdf) Importer(815301076,1909f56bfc062723c751e8b465ee728b)  -> (artifact id: 'a1cf8461610ec5c4270585f88626802b') in 0.007484 seconds
  Import took 0.009846 seconds .

========================================================================
Received Import Request.
  Time since last request: 49.383431 seconds.
  path: Assets/Scenes/Victor Passos.unity
  artifactKey: Guid(5a25cd8bcaa93484aacdce7148905fc3) Importer(815301076,1909f56bfc062723c751e8b465ee728b)
Start importing Assets/Scenes/Victor Passos.unity using Guid(5a25cd8bcaa93484aacdce7148905fc3) Importer(815301076,1909f56bfc062723c751e8b465ee728b)  -> (artifact id: '33c7a64991dfabbfd6fbb6a2ee890864') in 0.021551 seconds
  Import took 0.024121 seconds .

========================================================================
Received Import Request.
  Time since last request: 0.125567 seconds.
  path: Assets/Scenes/Victor Passos.unity
  artifactKey: Guid(5a25cd8bcaa93484aacdce7148905fc3) Importer(815301076,1909f56bfc062723c751e8b465ee728b)
Start importing Assets/Scenes/Victor Passos.unity using Guid(5a25cd8bcaa93484aacdce7148905fc3) Importer(815301076,1909f56bfc062723c751e8b465ee728b)  -> (artifact id: '33c7a64991dfabbfd6fbb6a2ee890864') in 0.003017 seconds
  Import took 0.005727 seconds .

========================================================================
Received Prepare
Registering precompiled user dll's ...
Registered in 0.612203 seconds.
Begin MonoManager ReloadAssembly
Native extension for WindowsStandalone target not found
Refreshing native plugins compatible for Editor in 0.58 ms, found 2 plugins.
Preloading 0 native plugins for Editor in 0.00 ms.
Mono: successfully reloaded assembly
- Completed reload, in  1.771 seconds
Platform modules already initialized, skipping
Refreshing native plugins compatible for Editor in 0.66 ms, found 2 plugins.
Preloading 0 native plugins for Editor in 0.00 ms.
Unloading 1393 Unused Serialized files (Serialized files now loaded: 0)
System memory in use before: 72.9 MB.
System memory in use after: 73.0 MB.

Unloading 14 unused Assets to reduce memory usage. Loaded Objects now: 1865.
Total: 4.087800 ms (FindLiveObjects: 0.266900 ms CreateObjectMapping: 0.099700 ms MarkObjects: 3.585000 ms  DeleteObjects: 0.133800 ms)

========================================================================
Received Import Request.
  Time since last request: 91.765048 seconds.
  path: Assets/Scenes/Victor Passos.unity
  artifactKey: Guid(5a25cd8bcaa93484aacdce7148905fc3) Importer(815301076,1909f56bfc062723c751e8b465ee728b)
Start importing Assets/Scenes/Victor Passos.unity using Guid(5a25cd8bcaa93484aacdce7148905fc3) Importer(815301076,1909f56bfc062723c751e8b465ee728b)  -> (artifact id: '3b35aa21fe19cf414afb5c4a35aea0aa') in 0.014629 seconds
  Import took 0.017299 seconds .

========================================================================
Received Import Request.
  Time since last request: 0.182756 seconds.
  path: Assets/Scenes/Victor Passos.unity
  artifactKey: Guid(5a25cd8bcaa93484aacdce7148905fc3) Importer(815301076,1909f56bfc062723c751e8b465ee728b)
Start importing Assets/Scenes/Victor Passos.unity using Guid(5a25cd8bcaa93484aacdce7148905fc3) Importer(815301076,1909f56bfc062723c751e8b465ee728b)  -> (artifact id: '3b35aa21fe19cf414afb5c4a35aea0aa') in 0.002683 seconds
  Import took 0.005736 seconds .

========================================================================
Received Prepare
Registering precompiled user dll's ...
Registered in 0.004133 seconds.
Begin MonoManager ReloadAssembly
Native extension for WindowsStandalone target not found
Refreshing native plugins compatible for Editor in 0.33 ms, found 2 plugins.
Preloading 0 native plugins for Editor in 0.00 ms.
Mono: successfully reloaded assembly
- Completed reload, in  0.941 seconds
Platform modules already initialized, skipping
Refreshing native plugins compatible for Editor in 0.37 ms, found 2 plugins.
Preloading 0 native plugins for Editor in 0.00 ms.
Unloading 1393 Unused Serialized files (Serialized files now loaded: 0)
System memory in use before: 72.9 MB.
System memory in use after: 73.0 MB.

Unloading 14 unused Assets to reduce memory usage. Loaded Objects now: 1868.
Total: 2.300500 ms (FindLiveObjects: 0.206200 ms CreateObjectMapping: 0.076600 ms MarkObjects: 1.922900 ms  DeleteObjects: 0.092700 ms)

========================================================================
Received Prepare
Registering precompiled user dll's ...
Registered in 0.004257 seconds.
Begin MonoManager ReloadAssembly
Native extension for WindowsStandalone target not found
Refreshing native plugins compatible for Editor in 0.35 ms, found 2 plugins.
Preloading 0 native plugins for Editor in 0.00 ms.
Mono: successfully reloaded assembly
- Completed reload, in  0.935 seconds
Platform modules already initialized, skipping
Refreshing native plugins compatible for Editor in 0.35 ms, found 2 plugins.
Preloading 0 native plugins for Editor in 0.00 ms.
Unloading 1393 Unused Serialized files (Serialized files now loaded: 0)
System memory in use before: 72.9 MB.
System memory in use after: 73.0 MB.

Unloading 14 unused Assets to reduce memory usage. Loaded Objects now: 1871.
Total: 1.935700 ms (FindLiveObjects: 0.148700 ms CreateObjectMapping: 0.044400 ms MarkObjects: 1.678400 ms  DeleteObjects: 0.063000 ms)

========================================================================
Received Prepare
Registering precompiled user dll's ...
Registered in 0.004064 seconds.
Begin MonoManager ReloadAssembly
Native extension for WindowsStandalone target not found
Refreshing native plugins compatible for Editor in 0.58 ms, found 2 plugins.
Preloading 0 native plugins for Editor in 0.00 ms.
Mono: successfully reloaded assembly
- Completed reload, in  1.332 seconds
Platform modules already initialized, skipping
Refreshing native plugins compatible for Editor in 0.76 ms, found 2 plugins.
Preloading 0 native plugins for Editor in 0.00 ms.
Unloading 1393 Unused Serialized files (Serialized files now loaded: 0)
System memory in use before: 72.9 MB.
System memory in use after: 73.0 MB.

Unloading 14 unused Assets to reduce memory usage. Loaded Objects now: 1874.
Total: 3.709200 ms (FindLiveObjects: 0.228300 ms CreateObjectMapping: 0.080800 ms MarkObjects: 3.292600 ms  DeleteObjects: 0.105600 ms)

========================================================================
Received Import Request.
  Time since last request: 235.894339 seconds.
  path: Assets/Scenes/Victor Passos.unity
  artifactKey: Guid(5a25cd8bcaa93484aacdce7148905fc3) Importer(815301076,1909f56bfc062723c751e8b465ee728b)
Start importing Assets/Scenes/Victor Passos.unity using Guid(5a25cd8bcaa93484aacdce7148905fc3) Importer(815301076,1909f56bfc062723c751e8b465ee728b)  -> (artifact id: '12e0673aae06c493823bfaf286ca21d5') in 0.037998 seconds
  Import took 0.043724 seconds .

========================================================================
Received Prepare
Registering precompiled user dll's ...
Registered in 0.008681 seconds.
Begin MonoManager ReloadAssembly
Native extension for WindowsStandalone target not found
Refreshing native plugins compatible for Editor in 0.59 ms, found 2 plugins.
Preloading 0 native plugins for Editor in 0.00 ms.
Mono: successfully reloaded assembly
- Completed reload, in  1.900 seconds
Platform modules already initialized, skipping
Refreshing native plugins compatible for Editor in 0.60 ms, found 2 plugins.
Preloading 0 native plugins for Editor in 0.00 ms.
Unloading 1393 Unused Serialized files (Serialized files now loaded: 0)
System memory in use before: 73.0 MB.
System memory in use after: 73.0 MB.

Unloading 14 unused Assets to reduce memory usage. Loaded Objects now: 1877.
Total: 3.440500 ms (FindLiveObjects: 0.265900 ms CreateObjectMapping: 0.087100 ms MarkObjects: 2.975200 ms  DeleteObjects: 0.110300 ms)

AssetImportWorkerClient::OnTransportError - code=2 error=End of file
